<?xml version="1.0" encoding="UTF-8"?>
<!-- Generated by org.testng.reporters.JUnitReportReporter -->
<testsuite skipped="0" hostname="Mahesh-PC" name="demo.test1" tests="1" failures="0" timestamp="2020-12-21T15:16:03 IST" time="23.172" errors="0">
  <testcase name="test1" time="23.172" classname="demo.test1"/>
  <system-out/>
</testsuite> <!-- demo.test1 -->
