<?xml version="1.0" encoding="UTF-8"?>
<!-- Generated by org.testng.reporters.JUnitReportReporter -->
<testsuite skipped="1" hostname="Mahesh-PC" name="demo.testNGIgnoreDemo" tests="3" failures="0" timestamp="2020-12-21T13:14:16 IST" time="0.047" errors="0">
  <testcase name="test1" time="0.031" classname="demo.testNGIgnoreDemo"/>
  <system-out/>
  <testcase name="test3" time="0.016" classname="demo.testNGIgnoreDemo"/>
  <system-out/>
  <testcase name="test2" classname="demo.testNGIgnoreDemo">
    <skipped/>
  </testcase> <!-- test2 -->
  <system-out/>
</testsuite> <!-- demo.testNGIgnoreDemo -->
