<?xml version="1.0" encoding="UTF-8"?>
<!-- Generated by org.testng.reporters.JUnitReportReporter -->
<testsuite skipped="0" hostname="Mahesh-PC" name="demo.testNGDependancies" tests="4" failures="0" timestamp="2020-12-21T13:05:16 IST" time="0.043" errors="0">
  <testcase name="test2" time="0.019" classname="demo.testNGDependancies"/>
  <system-out/>
  <testcase name="test3" time="0.014" classname="demo.testNGDependancies"/>
  <system-out/>
  <testcase name="test4" time="0.008" classname="demo.testNGDependancies"/>
  <system-out/>
  <testcase name="test1" time="0.002" classname="demo.testNGDependancies"/>
  <system-out/>
</testsuite> <!-- demo.testNGDependancies -->
