<?xml version="1.0" encoding="UTF-8"?>
<!-- Generated by org.testng.reporters.JUnitReportReporter -->
<testsuite skipped="0" hostname="Mahesh-PC" name="demo.testPriorityDemo" tests="3" failures="0" timestamp="2020-12-20T20:31:12 IST" time="0.016" errors="0">
  <testcase name="one" time="0.016" classname="demo.testPriorityDemo"/>
  <system-out/>
  <testcase name="two" time="0.000" classname="demo.testPriorityDemo"/>
  <system-out/>
  <testcase name="test3" time="0.000" classname="demo.testPriorityDemo"/>
  <system-out/>
</testsuite> <!-- demo.testPriorityDemo -->
