<?xml version="1.0" encoding="UTF-8"?>
<!-- Generated by org.testng.reporters.JUnitReportReporter -->
<testsuite skipped="0" hostname="Mahesh-PC" name="demo.testNGGroupsDemo" tests="1" failures="0" timestamp="2020-12-21T00:06:42 IST" time="0.021" errors="0">
  <testcase name="test4" time="0.021" classname="demo.testNGGroupsDemo"/>
  <system-out/>
</testsuite> <!-- demo.testNGGroupsDemo -->
