<?xml version="1.0" encoding="UTF-8"?>
<!-- Generated by org.testng.reporters.JUnitReportReporter -->
<testsuite skipped="0" hostname="Mahesh-PC" name="test.ExtentReportsDemoWithTestNG" tests="2" failures="0" timestamp="2020-12-17T17:51:25 IST" time="0.078" errors="0">
  <testcase name="test1" time="0.067" classname="test.ExtentReportsDemoWithTestNG"/>
  <system-out/>
  <testcase name="test2" time="0.011" classname="test.ExtentReportsDemoWithTestNG"/>
  <system-out/>
</testsuite> <!-- test.ExtentReportsDemoWithTestNG -->
